# JRE version: OpenJDK Runtime Environment Temurin-21.0.8+9 (21.0.8+9) (build 21.0.8+9-LTS)
# Java VM: OpenJDK 64-Bit Server VM Temurin-21.0.8+9 (21.0.8+9-LTS, mixed mode, sharing, tiered, compressed oops, compressed class ptrs, parallel gc, windows-amd64)
GC Precious Log:
 CardTable entry size: 512
 CPUs: 8 total, 8 available
 Memory: 7886M
 Large Page Support: Disabled
 NUMA Support: Disabled
 Compressed Oops: Enabled (32-bit)
 Alignments: Space 512K, Generation 512K, Heap 2M
 Heap Min Capacity: 100M
 Heap Initial Capacity: 100M
 Heap Max Capacity: 2G
 Pre-touch: Disabled
 Parallel Workers: 8
Heap:
 PSYoungGen      total 2560K, used 503K [0x00000000d5580000, 0x00000000d5c80000, 0x0000000100000000)
  eden space 2048K, 12% used [0x00000000d5580000,0x00000000d55bde00,0x00000000d5780000)
  from space 512K, 50% used [0x00000000d5b80000,0x00000000d5bc0000,0x00000000d5c00000)
  to   space 512K, 0% used [0x00000000d5c00000,0x00000000d5c00000,0x00000000d5c80000)
 ParOldGen       total 494080K, used 493657K [0x0000000080000000, 0x000000009e280000, 0x00000000d5580000)
  object space 494080K, 99% used [0x0000000080000000,0x000000009e216690,0x000000009e280000)
 Metaspace       used 60924K, committed 62272K, reserved 1114112K
  class space    used 6506K, committed 7104K, reserved 1048576K
GC Heap History (20 events):
Event: 63.682 GC heap before
{Heap before GC invocations=359 (full 3):
 PSYoungGen      total 5632K, used 5440K [0x00000000d5580000, 0x00000000d5e80000, 0x0000000100000000)
  eden space 3072K, 100% used [0x00000000d5580000,0x00000000d5880000,0x00000000d5880000)
  from space 2560K, 92% used [0x00000000d5880000,0x00000000d5ad0000,0x00000000d5b00000)
  to   space 2560K, 0% used [0x00000000d5c00000,0x00000000d5c00000,0x00000000d5e80000)
 ParOldGen       total 474112K, used 473870K [0x0000000080000000, 0x000000009cf00000, 0x00000000d5580000)
  object space 474112K, 99% used [0x0000000080000000,0x000000009cec3a48,0x000000009cf00000)
 Metaspace       used 60306K, committed 61632K, reserved 1114112K
  class space    used 6452K, committed 7104K, reserved 1048576K
}
Event: 63.694 GC heap after
{Heap after GC invocations=359 (full 3):
 PSYoungGen      total 6656K, used 2368K [0x00000000d5580000, 0x00000000d5e80000, 0x0000000100000000)
  eden space 4096K, 0% used [0x00000000d5580000,0x00000000d5580000,0x00000000d5980000)
  from space 2560K, 92% used [0x00000000d5c00000,0x00000000d5e50000,0x00000000d5e80000)
  to   space 2560K, 0% used [0x00000000d5980000,0x00000000d5980000,0x00000000d5c00000)
 ParOldGen       total 476672K, used 476222K [0x0000000080000000, 0x000000009d180000, 0x00000000d5580000)
  object space 476672K, 99% used [0x0000000080000000,0x000000009d10fa48,0x000000009d180000)
 Metaspace       used 60306K, committed 61632K, reserved 1114112K
  class space    used 6452K, committed 7104K, reserved 1048576K
}
Event: 63.758 GC heap before
{Heap before GC invocations=360 (full 3):
 PSYoungGen      total 6656K, used 6464K [0x00000000d5580000, 0x00000000d5e80000, 0x0000000100000000)
  eden space 4096K, 100% used [0x00000000d5580000,0x00000000d5980000,0x00000000d5980000)
  from space 2560K, 92% used [0x00000000d5c00000,0x00000000d5e50000,0x00000000d5e80000)
  to   space 2560K, 0% used [0x00000000d5980000,0x00000000d5980000,0x00000000d5c00000)
 ParOldGen       total 476672K, used 476222K [0x0000000080000000, 0x000000009d180000, 0x00000000d5580000)
  object space 476672K, 99% used [0x0000000080000000,0x000000009d10fa48,0x000000009d180000)
 Metaspace       used 60306K, committed 61632K, reserved 1114112K
  class space    used 6452K, committed 7104K, reserved 1048576K
}
Event: 63.765 GC heap after
{Heap after GC invocations=360 (full 3):
 PSYoungGen      total 6656K, used 2560K [0x00000000d5580000, 0x00000000d6680000, 0x0000000100000000)
  eden space 4096K, 0% used [0x00000000d5580000,0x00000000d5580000,0x00000000d5980000)
  from space 2560K, 100% used [0x00000000d5980000,0x00000000d5c00000,0x00000000d5c00000)
  to   space 6144K, 0% used [0x00000000d6080000,0x00000000d6080000,0x00000000d6680000)
 ParOldGen       total 479232K, used 479134K [0x0000000080000000, 0x000000009d400000, 0x00000000d5580000)
  object space 479232K, 99% used [0x0000000080000000,0x000000009d3e7a48,0x000000009d400000)
 Metaspace       used 60306K, committed 61632K, reserved 1114112K
  class space    used 6452K, committed 7104K, reserved 1048576K
}
Event: 63.831 GC heap before
{Heap before GC invocations=361 (full 3):
 PSYoungGen      total 6656K, used 6656K [0x00000000d5580000, 0x00000000d6680000, 0x0000000100000000)
  eden space 4096K, 100% used [0x00000000d5580000,0x00000000d5980000,0x00000000d5980000)
  from space 2560K, 100% used [0x00000000d5980000,0x00000000d5c00000,0x00000000d5c00000)
  to   space 6144K, 0% used [0x00000000d6080000,0x00000000d6080000,0x00000000d6680000)
 ParOldGen       total 479232K, used 479134K [0x0000000080000000, 0x000000009d400000, 0x00000000d5580000)
  object space 479232K, 99% used [0x0000000080000000,0x000000009d3e7a48,0x000000009d400000)
 Metaspace       used 60306K, committed 61632K, reserved 1114112K
  class space    used 6452K, committed 7104K, reserved 1048576K
}
Event: 63.843 GC heap after
{Heap after GC invocations=361 (full 3):
 PSYoungGen      total 7680K, used 3200K [0x00000000d5580000, 0x00000000d6400000, 0x0000000100000000)
  eden space 4096K, 0% used [0x00000000d5580000,0x00000000d5580000,0x00000000d5980000)
  from space 3584K, 89% used [0x00000000d6080000,0x00000000d63a0000,0x00000000d6400000)
  to   space 4096K, 0% used [0x00000000d5c00000,0x00000000d5c00000,0x00000000d6000000)
 ParOldGen       total 481792K, used 481726K [0x0000000080000000, 0x000000009d680000, 0x00000000d5580000)
  object space 481792K, 99% used [0x0000000080000000,0x000000009d66fa48,0x000000009d680000)
 Metaspace       used 60306K, committed 61632K, reserved 1114112K
  class space    used 6452K, committed 7104K, reserved 1048576K
}
Event: 63.866 GC heap before
{Heap before GC invocations=362 (full 3):
 PSYoungGen      total 7680K, used 7296K [0x00000000d5580000, 0x00000000d6400000, 0x0000000100000000)
  eden space 4096K, 100% used [0x00000000d5580000,0x00000000d5980000,0x00000000d5980000)
  from space 3584K, 89% used [0x00000000d6080000,0x00000000d63a0000,0x00000000d6400000)
  to   space 4096K, 0% used [0x00000000d5c00000,0x00000000d5c00000,0x00000000d6000000)
 ParOldGen       total 481792K, used 481726K [0x0000000080000000, 0x000000009d680000, 0x00000000d5580000)
  object space 481792K, 99% used [0x0000000080000000,0x000000009d66fa48,0x000000009d680000)
 Metaspace       used 60306K, committed 61632K, reserved 1114112K
  class space    used 6452K, committed 7104K, reserved 1048576K
}
Event: 63.880 GC heap after
{Heap after GC invocations=362 (full 3):
 PSYoungGen      total 8704K, used 3200K [0x00000000d5580000, 0x00000000d6180000, 0x0000000100000000)
  eden space 5120K, 0% used [0x00000000d5580000,0x00000000d5580000,0x00000000d5a80000)
  from space 3584K, 89% used [0x00000000d5c00000,0x00000000d5f20000,0x00000000d5f80000)
  to   space 2048K, 0% used [0x00000000d5f80000,0x00000000d5f80000,0x00000000d6180000)
 ParOldGen       total 485376K, used 484870K [0x0000000080000000, 0x000000009da00000, 0x00000000d5580000)
  object space 485376K, 99% used [0x0000000080000000,0x000000009d981a48,0x000000009da00000)
 Metaspace       used 60306K, committed 61632K, reserved 1114112K
  class space    used 6452K, committed 7104K, reserved 1048576K
}
Event: 63.931 GC heap before
{Heap before GC invocations=363 (full 3):
 PSYoungGen      total 8704K, used 8320K [0x00000000d5580000, 0x00000000d6180000, 0x0000000100000000)
  eden space 5120K, 100% used [0x00000000d5580000,0x00000000d5a80000,0x00000000d5a80000)
  from space 3584K, 89% used [0x00000000d5c00000,0x00000000d5f20000,0x00000000d5f80000)
  to   space 2048K, 0% used [0x00000000d5f80000,0x00000000d5f80000,0x00000000d6180000)
 ParOldGen       total 485376K, used 484870K [0x0000000080000000, 0x000000009da00000, 0x00000000d5580000)
  object space 485376K, 99% used [0x0000000080000000,0x000000009d981a48,0x000000009da00000)
 Metaspace       used 60306K, committed 61632K, reserved 1114112K
  class space    used 6452K, committed 7104K, reserved 1048576K
}
Event: 63.946 GC heap after
{Heap after GC invocations=363 (full 3):
 PSYoungGen      total 4096K, used 2048K [0x00000000d5580000, 0x00000000d6b80000, 0x0000000100000000)
  eden space 2048K, 0% used [0x00000000d5580000,0x00000000d5580000,0x00000000d5780000)
  from space 2048K, 100% used [0x00000000d5f80000,0x00000000d6180000,0x00000000d6180000)
  to   space 8192K, 0% used [0x00000000d5780000,0x00000000d5780000,0x00000000d5f80000)
 ParOldGen       total 489984K, used 489854K [0x0000000080000000, 0x000000009de80000, 0x00000000d5580000)
  object space 489984K, 99% used [0x0000000080000000,0x000000009de5fa48,0x000000009de80000)
 Metaspace       used 60306K, committed 61632K, reserved 1114112K
  class space    used 6452K, committed 7104K, reserved 1048576K
}
Event: 67.126 GC heap before
{Heap before GC invocations=364 (full 3):
 PSYoungGen      total 4096K, used 4080K [0x00000000d5580000, 0x00000000d6b80000, 0x0000000100000000)
  eden space 2048K, 99% used [0x00000000d5580000,0x00000000d577c0b0,0x00000000d5780000)
  from space 2048K, 100% used [0x00000000d5f80000,0x00000000d6180000,0x00000000d6180000)
  to   space 8192K, 0% used [0x00000000d5780000,0x00000000d5780000,0x00000000d5f80000)
 ParOldGen       total 489984K, used 489854K [0x0000000080000000, 0x000000009de80000, 0x00000000d5580000)
  object space 489984K, 99% used [0x0000000080000000,0x000000009de5fa48,0x000000009de80000)
 Metaspace       used 60309K, committed 61696K, reserved 1114112K
  class space    used 6452K, committed 7104K, reserved 1048576K
}
Event: 67.133 GC heap after
{Heap after GC invocations=364 (full 3):
 PSYoungGen      total 3584K, used 1536K [0x00000000d5580000, 0x00000000d6000000, 0x0000000100000000)
  eden space 2048K, 0% used [0x00000000d5580000,0x00000000d5580000,0x00000000d5780000)
  from space 1536K, 100% used [0x00000000d5780000,0x00000000d5900000,0x00000000d5900000)
  to   space 3584K, 0% used [0x00000000d5c80000,0x00000000d5c80000,0x00000000d6000000)
 ParOldGen       total 492032K, used 491942K [0x0000000080000000, 0x000000009e080000, 0x00000000d5580000)
  object space 492032K, 99% used [0x0000000080000000,0x000000009e069a48,0x000000009e080000)
 Metaspace       used 60309K, committed 61696K, reserved 1114112K
  class space    used 6452K, committed 7104K, reserved 1048576K
}
Event: 67.511 GC heap before
{Heap before GC invocations=365 (full 3):
 PSYoungGen      total 3584K, used 3583K [0x00000000d5580000, 0x00000000d6000000, 0x0000000100000000)
  eden space 2048K, 99% used [0x00000000d5580000,0x00000000d577ffd0,0x00000000d5780000)
  from space 1536K, 100% used [0x00000000d5780000,0x00000000d5900000,0x00000000d5900000)
  to   space 3584K, 0% used [0x00000000d5c80000,0x00000000d5c80000,0x00000000d6000000)
 ParOldGen       total 492032K, used 491942K [0x0000000080000000, 0x000000009e080000, 0x00000000d5580000)
  object space 492032K, 99% used [0x0000000080000000,0x000000009e069a48,0x000000009e080000)
 Metaspace       used 60479K, committed 61888K, reserved 1114112K
  class space    used 6472K, committed 7104K, reserved 1048576K
}
Event: 67.517 GC heap after
{Heap after GC invocations=365 (full 3):
 PSYoungGen      total 2560K, used 192K [0x00000000d5580000, 0x00000000d5d00000, 0x0000000100000000)
  eden space 2048K, 0% used [0x00000000d5580000,0x00000000d5580000,0x00000000d5780000)
  from space 512K, 37% used [0x00000000d5c80000,0x00000000d5cb0000,0x00000000d5d00000)
  to   space 1536K, 0% used [0x00000000d5a00000,0x00000000d5a00000,0x00000000d5b80000)
 ParOldGen       total 493568K, used 493334K [0x0000000080000000, 0x000000009e200000, 0x00000000d5580000)
  object space 493568K, 99% used [0x0000000080000000,0x000000009e1c5a48,0x000000009e200000)
 Metaspace       used 60479K, committed 61888K, reserved 1114112K
  class space    used 6472K, committed 7104K, reserved 1048576K
}
Event: 67.897 GC heap before
{Heap before GC invocations=366 (full 3):
 PSYoungGen      total 2560K, used 2240K [0x00000000d5580000, 0x00000000d5d00000, 0x0000000100000000)
  eden space 2048K, 100% used [0x00000000d5580000,0x00000000d5780000,0x00000000d5780000)
  from space 512K, 37% used [0x00000000d5c80000,0x00000000d5cb0000,0x00000000d5d00000)
  to   space 1536K, 0% used [0x00000000d5a00000,0x00000000d5a00000,0x00000000d5b80000)
 ParOldGen       total 493568K, used 493334K [0x0000000080000000, 0x000000009e200000, 0x00000000d5580000)
  object space 493568K, 99% used [0x0000000080000000,0x000000009e1c5a48,0x000000009e200000)
 Metaspace       used 60563K, committed 61952K, reserved 1114112K
  class space    used 6478K, committed 7104K, reserved 1048576K
}
Event: 67.909 GC heap after
{Heap after GC invocations=366 (full 3):
 PSYoungGen      total 3584K, used 608K [0x00000000d5580000, 0x00000000d5d00000, 0x0000000100000000)
  eden space 2048K, 0% used [0x00000000d5580000,0x00000000d5580000,0x00000000d5780000)
  from space 1536K, 39% used [0x00000000d5a00000,0x00000000d5a98020,0x00000000d5b80000)
  to   space 1024K, 0% used [0x00000000d5c00000,0x00000000d5c00000,0x00000000d5d00000)
 ParOldGen       total 493568K, used 493409K [0x0000000080000000, 0x000000009e200000, 0x00000000d5580000)
  object space 493568K, 99% used [0x0000000080000000,0x000000009e1d8660,0x000000009e200000)
 Metaspace       used 60563K, committed 61952K, reserved 1114112K
  class space    used 6478K, committed 7104K, reserved 1048576K
}
Event: 68.166 GC heap before
{Heap before GC invocations=367 (full 3):
 PSYoungGen      total 3584K, used 2655K [0x00000000d5580000, 0x00000000d5d00000, 0x0000000100000000)
  eden space 2048K, 99% used [0x00000000d5580000,0x00000000d577ff88,0x00000000d5780000)
  from space 1536K, 39% used [0x00000000d5a00000,0x00000000d5a98020,0x00000000d5b80000)
  to   space 1024K, 0% used [0x00000000d5c00000,0x00000000d5c00000,0x00000000d5d00000)
 ParOldGen       total 493568K, used 493409K [0x0000000080000000, 0x000000009e200000, 0x00000000d5580000)
  object space 493568K, 99% used [0x0000000080000000,0x000000009e1d8660,0x000000009e200000)
 Metaspace       used 60612K, committed 62016K, reserved 1114112K
  class space    used 6480K, committed 7104K, reserved 1048576K
}
Event: 68.174 GC heap after
{Heap after GC invocations=367 (full 3):
 PSYoungGen      total 2560K, used 160K [0x00000000d5580000, 0x00000000d5c80000, 0x0000000100000000)
  eden space 2048K, 0% used [0x00000000d5580000,0x00000000d5580000,0x00000000d5780000)
  from space 512K, 31% used [0x00000000d5c00000,0x00000000d5c28000,0x00000000d5c80000)
  to   space 512K, 0% used [0x00000000d5b80000,0x00000000d5b80000,0x00000000d5c00000)
 ParOldGen       total 494080K, used 493577K [0x0000000080000000, 0x000000009e280000, 0x00000000d5580000)
  object space 494080K, 99% used [0x0000000080000000,0x000000009e202680,0x000000009e280000)
 Metaspace       used 60612K, committed 62016K, reserved 1114112K
  class space    used 6480K, committed 7104K, reserved 1048576K
}
Event: 6609.649 GC heap before
{Heap before GC invocations=368 (full 3):
 PSYoungGen      total 2560K, used 2208K [0x00000000d5580000, 0x00000000d5c80000, 0x0000000100000000)
  eden space 2048K, 100% used [0x00000000d5580000,0x00000000d5780000,0x00000000d5780000)
  from space 512K, 31% used [0x00000000d5c00000,0x00000000d5c28000,0x00000000d5c80000)
  to   space 512K, 0% used [0x00000000d5b80000,0x00000000d5b80000,0x00000000d5c00000)
 ParOldGen       total 494080K, used 493577K [0x0000000080000000, 0x000000009e280000, 0x00000000d5580000)
  object space 494080K, 99% used [0x0000000080000000,0x000000009e202680,0x000000009e280000)
 Metaspace       used 60888K, committed 62208K, reserved 1114112K
  class space    used 6506K, committed 7104K, reserved 1048576K
}
Event: 6609.898 GC heap after
{Heap after GC invocations=368 (full 3):
 PSYoungGen      total 2560K, used 256K [0x00000000d5580000, 0x00000000d5c80000, 0x0000000100000000)
  eden space 2048K, 0% used [0x00000000d5580000,0x00000000d5580000,0x00000000d5780000)
  from space 512K, 50% used [0x00000000d5b80000,0x00000000d5bc0000,0x00000000d5c00000)
  to   space 512K, 0% used [0x00000000d5c00000,0x00000000d5c00000,0x00000000d5c80000)
 ParOldGen       total 494080K, used 493657K [0x0000000080000000, 0x000000009e280000, 0x00000000d5580000)
  object space 494080K, 99% used [0x0000000080000000,0x000000009e216690,0x000000009e280000)
 Metaspace       used 60888K, committed 62208K, reserved 1114112K
  class space    used 6506K, committed 7104K, reserved 1048576K
}

